Startpoint: _648_ (rising edge-triggered flip-flop clocked by clk)
Endpoint: _679_ (rising edge-triggered flip-flop clocked by clk)
Path Group: clk
Path Type: max

  Delay    Time   Description
---------------------------------------------------------
   0.00    0.00   clock clk (rise edge)
   0.00    0.00   clock network delay (ideal)
   0.00    0.00 ^ _648_/CK (DFF_X1)
   0.21    0.21 ^ _648_/Q (DFF_X1)
   0.09    0.30 v _290_/ZN (NAND2_X1)
   0.07    0.37 ^ _291_/ZN (NOR2_X1)
   0.08    0.45 v _292_/ZN (NAND2_X2)
   0.06    0.51 ^ _293_/ZN (INV_X1)
   0.00    0.51 ^ _679_/D (DFF_X1)
          0.51   data arrival time

   1.25    1.25   clock clk (rise edge)
   0.00    1.25   clock network delay (ideal)
   0.00    1.25   clock reconvergence pessimism
          1.25 ^ _679_/CK (DFF_X1)
  -0.07    1.18   library setup time
          1.18   data required time
---------------------------------------------------------
          1.18   data required time
         -0.51   data arrival time
---------------------------------------------------------
          0.67   slack (MET)

Startpoint: _702_ (rising edge-triggered flip-flop clocked by clk)
Endpoint: _710_ (rising edge-triggered flip-flop clocked by clk)
Path Group: clk
Path Type: max

  Delay    Time   Description
---------------------------------------------------------
   0.00    0.00   clock clk (rise edge)
   0.00    0.00   clock network delay (ideal)
   0.00    0.00 ^ _702_/CK (DFF_X1)
   0.25    0.25 ^ _702_/Q (DFF_X1)
   0.11    0.36 v _450_/ZN (NOR2_X2)
   0.09    0.45 ^ _451_/ZN (NAND3_X1)
   0.14    0.59 v _452_/ZN (NOR3_X2)
   0.10    0.69 ^ _453_/ZN (XNOR2_X1)
   0.15    0.84 v _454_/ZN (NOR2_X4)
   0.12    0.96 ^ _455_/ZN (NAND2_X4)
   0.00    0.96 ^ _710_/D (DFF_X1)
          0.96   data arrival time

   1.25    1.25   clock clk (rise edge)
   0.00    1.25   clock network delay (ideal)
   0.00    1.25   clock reconvergence pessimism
          1.25 ^ _710_/CK (DFF_X1)
  -0.07    1.18   library setup time
          1.18   data required time
---------------------------------------------------------
          1.18   data required time
         -0.96   data arrival time
---------------------------------------------------------
          0.22   slack (MET)

Startpoint: _715_ (rising edge-triggered flip-flop clocked by clk)
Endpoint: _698_ (rising edge-triggered flip-flop clocked by clk)
Path Group: clk
Path Type: max

  Delay    Time   Description
---------------------------------------------------------
   0.00    0.00   clock clk (rise edge)
   0.00    0.00   clock network delay (ideal)
   0.00    0.00 ^ _715_/CK (DFF_X1)
   0.24    0.24 ^ _715_/Q (DFF_X1)
   0.12    0.36 v _510_/ZN (NOR2_X1)
   0.09    0.45 ^ _511_/ZN (NAND2_X1)
   0.13    0.58 v _512_/ZN (NAND3_X2)
   0.11    0.69 ^ _513_/ZN (NOR2_X2)
   0.16    0.85 v _514_/ZN (XNOR2_X2)
   0.18    1.03 ^ _515_/ZN (NOR2_X4)
   0.16    1.19 v _516_/ZN (NAND2_X4)
   0.00    1.19 ^ _698_/D (DFF_X1)
          1.19   data arrival time

   1.25    1.25   clock clk (rise edge)
   0.00    1.25   clock network delay (ideal)
   0.00    1.25   clock reconvergence pessimism
          1.25 ^ _698_/CK (DFF_X1)
  -0.07    1.18   library setup time
          1.18   data required time
---------------------------------------------------------
          1.18   data required time
         -1.19   data arrival time
---------------------------------------------------------
         -0.01   slack (VIOLATED)
